<?xml version="1.0" encoding="UTF-8"?>
<!-- Generated by org.testng.reporters.JUnitXMLReporter -->
<testsuite ignored="0" hostname="LAPTOP-9VKVOOSG" failures="0" tests="4" name="Default test" time="33.243" errors="0" timestamp="2022-08-04T07:39:47 IST">
  <testcase classname="datadrivenFrameworkpack.Testng_datadrivenclass" name="login" time="9.484"/>
  <testcase classname="datadrivenFrameworkpack.Testng_datadrivenclass" name="login" time="3.526"/>
  <testcase classname="datadrivenFrameworkpack.Testng_datadrivenclass" name="login" time="4.565"/>
  <testcase classname="datadrivenFrameworkpack.Testng_datadrivenclass" name="login" time="13.632"/>
</testsuite> <!-- Default test -->
