<?xml version="1.0" encoding="UTF-8"?>
<!-- Generated by org.testng.reporters.JUnitXMLReporter -->
<testsuite ignored="0" hostname="LAPTOP-9VKVOOSG" failures="0" tests="4" name="Test" time="29.263" errors="0" timestamp="2022-08-04T07:40:37 IST">
  <testcase classname="datadrivenFrameworkpack.Testng_datadrivenclass" name="login" time="9.684"/>
  <testcase classname="datadrivenFrameworkpack.Testng_datadrivenclass" name="login" time="2.654"/>
  <testcase classname="datadrivenFrameworkpack.Testng_datadrivenclass" name="login" time="4.249"/>
  <testcase classname="datadrivenFrameworkpack.Testng_datadrivenclass" name="login" time="10.429"/>
</testsuite> <!-- Test -->
